{"uid":"67ec0dc45254c496","name":"testInvalidEmail()","fullName":"LoginTest.testInvalidEmail","historyId":"7e1bffa49c35973caebad08161952c7","time":{"start":1754980373153,"stop":1754980382181,"duration":9028},"description":"Validar que un usuario no pueda ingresar con correo invalido pero con contraseña correcta","descriptionHtml":"<p>Validar que un usuario no pueda ingresar con correo invalido pero con contraseña correcta</p>\n","status":"broken","statusMessage":"element click intercepted: Element <a href=\"#\" class=\"clickable qa-show-sidetray-account sidetray-account\" tabindex=\"0\">...</a> is not clickable at point (1556, 93). Other element would receive the click: <div class=\"bloomreach-weblayer\"></div>\n  (Session info: chrome=139.0.7258.67)\nBuild info: version: '4.27.0', revision: 'd6e718d134'\nSystem info: os.name: 'Mac OS X', os.arch: 'aarch64', os.version: '15.6', java.version: '24.0.2'\nDriver info: org.openqa.selenium.chrome.ChromeDriver\nCommand: [2048ecbd719ff6afee6fa26667c0206c, clickElement {id=f.0AA1385D2E909FEA1A3252C80EC73940.d.3A154FD70F38A82861DA973E53C473C4.e.30}]\nCapabilities {acceptInsecureCerts: false, browserName: chrome, browserVersion: 139.0.7258.67, chrome: {chromedriverVersion: 139.0.7258.66 (a62d32994769..., userDataDir: /var/folders/nx/g7zx87j545j...}, fedcm:accounts: true, goog:chromeOptions: {debuggerAddress: localhost:50916}, networkConnectionEnabled: false, pageLoadStrategy: normal, platformName: mac, proxy: Proxy(), se:cdp: ws://localhost:50916/devtoo..., se:cdpVersion: 139.0.7258.67, setWindowRect: true, strictFileInteractability: false, timeouts: {implicit: 0, pageLoad: 300000, script: 30000}, unhandledPromptBehavior: dismiss and notify, webauthn:extension:credBlob: true, webauthn:extension:largeBlob: true, webauthn:extension:minPinLength: true, webauthn:extension:prf: true, webauthn:virtualAuthenticators: true}\nElement: [[ChromeDriver: chrome on mac (2048ecbd719ff6afee6fa26667c0206c)] -> xpath: //a[@class='clickable qa-show-sidetray-account sidetray-account']]\nSession ID: 2048ecbd719ff6afee6fa26667c0206c","statusTrace":"org.openqa.selenium.ElementClickInterceptedException: element click intercepted: Element <a href=\"#\" class=\"clickable qa-show-sidetray-account sidetray-account\" tabindex=\"0\">...</a> is not clickable at point (1556, 93). Other element would receive the click: <div class=\"bloomreach-weblayer\"></div>\n  (Session info: chrome=139.0.7258.67)\nBuild info: version: '4.27.0', revision: 'd6e718d134'\nSystem info: os.name: 'Mac OS X', os.arch: 'aarch64', os.version: '15.6', java.version: '24.0.2'\nDriver info: org.openqa.selenium.chrome.ChromeDriver\nCommand: [2048ecbd719ff6afee6fa26667c0206c, clickElement {id=f.0AA1385D2E909FEA1A3252C80EC73940.d.3A154FD70F38A82861DA973E53C473C4.e.30}]\nCapabilities {acceptInsecureCerts: false, browserName: chrome, browserVersion: 139.0.7258.67, chrome: {chromedriverVersion: 139.0.7258.66 (a62d32994769..., userDataDir: /var/folders/nx/g7zx87j545j...}, fedcm:accounts: true, goog:chromeOptions: {debuggerAddress: localhost:50916}, networkConnectionEnabled: false, pageLoadStrategy: normal, platformName: mac, proxy: Proxy(), se:cdp: ws://localhost:50916/devtoo..., se:cdpVersion: 139.0.7258.67, setWindowRect: true, strictFileInteractability: false, timeouts: {implicit: 0, pageLoad: 300000, script: 30000}, unhandledPromptBehavior: dismiss and notify, webauthn:extension:credBlob: true, webauthn:extension:largeBlob: true, webauthn:extension:minPinLength: true, webauthn:extension:prf: true, webauthn:virtualAuthenticators: true}\nElement: [[ChromeDriver: chrome on mac (2048ecbd719ff6afee6fa26667c0206c)] -> xpath: //a[@class='clickable qa-show-sidetray-account sidetray-account']]\nSession ID: 2048ecbd719ff6afee6fa26667c0206c\n\tat java.base/jdk.internal.reflect.DirectConstructorHandleAccessor.newInstance(DirectConstructorHandleAccessor.java:62)\n\tat java.base/java.lang.reflect.Constructor.newInstanceWithCaller(Constructor.java:499)\n\tat java.base/java.lang.reflect.Constructor.newInstance(Constructor.java:483)\n\tat org.openqa.selenium.remote.ErrorCodec.decode(ErrorCodec.java:167)\n\tat org.openqa.selenium.remote.codec.w3c.W3CHttpResponseCodec.decode(W3CHttpResponseCodec.java:138)\n\tat org.openqa.selenium.remote.codec.w3c.W3CHttpResponseCodec.decode(W3CHttpResponseCodec.java:50)\n\tat org.openqa.selenium.remote.HttpCommandExecutor.execute(HttpCommandExecutor.java:190)\n\tat org.openqa.selenium.remote.service.DriverCommandExecutor.invokeExecute(DriverCommandExecutor.java:216)\n\tat org.openqa.selenium.remote.service.DriverCommandExecutor.execute(DriverCommandExecutor.java:174)\n\tat org.openqa.selenium.remote.RemoteWebDriver.execute(RemoteWebDriver.java:545)\n\tat org.openqa.selenium.remote.RemoteWebElement.execute(RemoteWebElement.java:223)\n\tat org.openqa.selenium.remote.RemoteWebElement.click(RemoteWebElement.java:76)\n\tat Login.LoginSteps.LogCredentials(LoginSteps.java:20)\n\tat LoginTest.testInvalidEmail(LoginTest.java:33)\n\tat java.base/java.lang.reflect.Method.invoke(Method.java:565)\n\tat java.base/java.util.ArrayList.forEach(ArrayList.java:1604)\n\tat java.base/java.util.ArrayList.forEach(ArrayList.java:1604)\n","flaky":false,"newFailed":false,"newBroken":false,"newPassed":false,"retriesCount":0,"retriesStatusChange":false,"beforeStages":[],"testStage":{"description":"Validar que un usuario no pueda ingresar con correo invalido pero con contraseña correcta","status":"broken","statusMessage":"element click intercepted: Element <a href=\"#\" class=\"clickable qa-show-sidetray-account sidetray-account\" tabindex=\"0\">...</a> is not clickable at point (1556, 93). Other element would receive the click: <div class=\"bloomreach-weblayer\"></div>\n  (Session info: chrome=139.0.7258.67)\nBuild info: version: '4.27.0', revision: 'd6e718d134'\nSystem info: os.name: 'Mac OS X', os.arch: 'aarch64', os.version: '15.6', java.version: '24.0.2'\nDriver info: org.openqa.selenium.chrome.ChromeDriver\nCommand: [2048ecbd719ff6afee6fa26667c0206c, clickElement {id=f.0AA1385D2E909FEA1A3252C80EC73940.d.3A154FD70F38A82861DA973E53C473C4.e.30}]\nCapabilities {acceptInsecureCerts: false, browserName: chrome, browserVersion: 139.0.7258.67, chrome: {chromedriverVersion: 139.0.7258.66 (a62d32994769..., userDataDir: /var/folders/nx/g7zx87j545j...}, fedcm:accounts: true, goog:chromeOptions: {debuggerAddress: localhost:50916}, networkConnectionEnabled: false, pageLoadStrategy: normal, platformName: mac, proxy: Proxy(), se:cdp: ws://localhost:50916/devtoo..., se:cdpVersion: 139.0.7258.67, setWindowRect: true, strictFileInteractability: false, timeouts: {implicit: 0, pageLoad: 300000, script: 30000}, unhandledPromptBehavior: dismiss and notify, webauthn:extension:credBlob: true, webauthn:extension:largeBlob: true, webauthn:extension:minPinLength: true, webauthn:extension:prf: true, webauthn:virtualAuthenticators: true}\nElement: [[ChromeDriver: chrome on mac (2048ecbd719ff6afee6fa26667c0206c)] -> xpath: //a[@class='clickable qa-show-sidetray-account sidetray-account']]\nSession ID: 2048ecbd719ff6afee6fa26667c0206c","statusTrace":"org.openqa.selenium.ElementClickInterceptedException: element click intercepted: Element <a href=\"#\" class=\"clickable qa-show-sidetray-account sidetray-account\" tabindex=\"0\">...</a> is not clickable at point (1556, 93). Other element would receive the click: <div class=\"bloomreach-weblayer\"></div>\n  (Session info: chrome=139.0.7258.67)\nBuild info: version: '4.27.0', revision: 'd6e718d134'\nSystem info: os.name: 'Mac OS X', os.arch: 'aarch64', os.version: '15.6', java.version: '24.0.2'\nDriver info: org.openqa.selenium.chrome.ChromeDriver\nCommand: [2048ecbd719ff6afee6fa26667c0206c, clickElement {id=f.0AA1385D2E909FEA1A3252C80EC73940.d.3A154FD70F38A82861DA973E53C473C4.e.30}]\nCapabilities {acceptInsecureCerts: false, browserName: chrome, browserVersion: 139.0.7258.67, chrome: {chromedriverVersion: 139.0.7258.66 (a62d32994769..., userDataDir: /var/folders/nx/g7zx87j545j...}, fedcm:accounts: true, goog:chromeOptions: {debuggerAddress: localhost:50916}, networkConnectionEnabled: false, pageLoadStrategy: normal, platformName: mac, proxy: Proxy(), se:cdp: ws://localhost:50916/devtoo..., se:cdpVersion: 139.0.7258.67, setWindowRect: true, strictFileInteractability: false, timeouts: {implicit: 0, pageLoad: 300000, script: 30000}, unhandledPromptBehavior: dismiss and notify, webauthn:extension:credBlob: true, webauthn:extension:largeBlob: true, webauthn:extension:minPinLength: true, webauthn:extension:prf: true, webauthn:virtualAuthenticators: true}\nElement: [[ChromeDriver: chrome on mac (2048ecbd719ff6afee6fa26667c0206c)] -> xpath: //a[@class='clickable qa-show-sidetray-account sidetray-account']]\nSession ID: 2048ecbd719ff6afee6fa26667c0206c\n\tat java.base/jdk.internal.reflect.DirectConstructorHandleAccessor.newInstance(DirectConstructorHandleAccessor.java:62)\n\tat java.base/java.lang.reflect.Constructor.newInstanceWithCaller(Constructor.java:499)\n\tat java.base/java.lang.reflect.Constructor.newInstance(Constructor.java:483)\n\tat org.openqa.selenium.remote.ErrorCodec.decode(ErrorCodec.java:167)\n\tat org.openqa.selenium.remote.codec.w3c.W3CHttpResponseCodec.decode(W3CHttpResponseCodec.java:138)\n\tat org.openqa.selenium.remote.codec.w3c.W3CHttpResponseCodec.decode(W3CHttpResponseCodec.java:50)\n\tat org.openqa.selenium.remote.HttpCommandExecutor.execute(HttpCommandExecutor.java:190)\n\tat org.openqa.selenium.remote.service.DriverCommandExecutor.invokeExecute(DriverCommandExecutor.java:216)\n\tat org.openqa.selenium.remote.service.DriverCommandExecutor.execute(DriverCommandExecutor.java:174)\n\tat org.openqa.selenium.remote.RemoteWebDriver.execute(RemoteWebDriver.java:545)\n\tat org.openqa.selenium.remote.RemoteWebElement.execute(RemoteWebElement.java:223)\n\tat org.openqa.selenium.remote.RemoteWebElement.click(RemoteWebElement.java:76)\n\tat Login.LoginSteps.LogCredentials(LoginSteps.java:20)\n\tat LoginTest.testInvalidEmail(LoginTest.java:33)\n\tat java.base/java.lang.reflect.Method.invoke(Method.java:565)\n\tat java.base/java.util.ArrayList.forEach(ArrayList.java:1604)\n\tat java.base/java.util.ArrayList.forEach(ArrayList.java:1604)\n","steps":[{"name":"Iniciando el navegador","time":{"start":1754980376868,"stop":1754980376868,"duration":0},"status":"passed","steps":[],"attachments":[],"parameters":[],"stepsCount":0,"hasContent":false,"attachmentStep":false,"shouldDisplayMessage":false,"attachmentsCount":0},{"name":"Iniciando el navegador","time":{"start":1754980376869,"stop":1754980376869,"duration":0},"status":"passed","steps":[],"attachments":[],"parameters":[],"stepsCount":0,"hasContent":false,"attachmentStep":false,"shouldDisplayMessage":false,"attachmentsCount":0},{"name":"No apareció el botón de aceptar cookies.","time":{"start":1754980378930,"stop":1754980378930,"duration":0},"status":"passed","steps":[],"attachments":[],"parameters":[],"stepsCount":0,"hasContent":false,"attachmentStep":false,"shouldDisplayMessage":false,"attachmentsCount":0}],"attachments":[],"parameters":[],"stepsCount":3,"hasContent":true,"attachmentStep":false,"shouldDisplayMessage":true,"attachmentsCount":0},"afterStages":[],"labels":[{"name":"junit.platform.uniqueid","value":"[engine:junit-jupiter]/[class:LoginTest]/[method:testInvalidEmail()]"},{"name":"feature","value":"Login"},{"name":"epic","value":"Pruebas de Login"},{"name":"story","value":"2da prueba de login invalido"},{"name":"host","value":"Luiss-MacBook-Air.local"},{"name":"thread","value":"74305@Luiss-MacBook-Air.local.main(3)"},{"name":"framework","value":"junit-platform"},{"name":"language","value":"java"},{"name":"package","value":"LoginTest"},{"name":"testClass","value":"LoginTest"},{"name":"testMethod","value":"testInvalidEmail"},{"name":"suite","value":"LoginTest"},{"name":"severity","value":"critical"},{"name":"resultFormat","value":"allure2"}],"parameters":[],"links":[],"hidden":false,"retry":false,"extra":{"severity":"critical","retries":[],"categories":[{"name":"Broken Tests","matchedStatuses":["broken"]}],"tags":[]},"source":"67ec0dc45254c496.json","parameterValues":[]}