{"uid":"7db59ec110069c02","name":"Verify main page functionality","fullName":"src/test/resources/features/ecommerce_test.feature:47","historyId":"da5fba54bcedab2bd224328de712393a","time":{"start":1754425826232,"stop":1754425833156,"duration":6924},"status":"broken","statusMessage":"element click intercepted: Element <a href=\"#\" class=\"clickable qa-show-sidetray-account sidetray-account\" tabindex=\"0\">...</a> is not clickable at point (1556, 93). Other element would receive the click: <div class=\"bloomreach-weblayer\"></div>\n  (Session info: chrome=138.0.7204.184)\nBuild info: version: '4.27.0', revision: 'd6e718d134'\nSystem info: os.name: 'Mac OS X', os.arch: 'aarch64', os.version: '15.5', java.version: '24.0.2'\nDriver info: org.openqa.selenium.chrome.ChromeDriver\nCommand: [e15c54204dab02a0b8c83bbb275b1fb1, clickElement {id=f.2AB4DC6B2671192AD98D9E217FBB0BB8.d.95912CB81F7BD7CA45048E8396023A49.e.84}]\nCapabilities {acceptInsecureCerts: false, browserName: chrome, browserVersion: 138.0.7204.184, chrome: {chromedriverVersion: 138.0.7204.183 (e90faf484dd..., userDataDir: /var/folders/nx/g7zx87j545j...}, fedcm:accounts: true, goog:chromeOptions: {debuggerAddress: localhost:57910}, networkConnectionEnabled: false, pageLoadStrategy: normal, platformName: mac, proxy: Proxy(), se:cdp: ws://localhost:57910/devtoo..., se:cdpVersion: 138.0.7204.184, setWindowRect: true, strictFileInteractability: false, timeouts: {implicit: 0, pageLoad: 300000, script: 30000}, unhandledPromptBehavior: dismiss and notify, webauthn:extension:credBlob: true, webauthn:extension:largeBlob: true, webauthn:extension:minPinLength: true, webauthn:extension:prf: true, webauthn:virtualAuthenticators: true}\nElement: [[ChromeDriver: chrome on mac (e15c54204dab02a0b8c83bbb275b1fb1)] -> xpath: //a[@class ='clickable qa-show-sidetray-account sidetray-account']]\nSession ID: e15c54204dab02a0b8c83bbb275b1fb1","statusTrace":"org.openqa.selenium.ElementClickInterceptedException: element click intercepted: Element <a href=\"#\" class=\"clickable qa-show-sidetray-account sidetray-account\" tabindex=\"0\">...</a> is not clickable at point (1556, 93). Other element would receive the click: <div class=\"bloomreach-weblayer\"></div>\n  (Session info: chrome=138.0.7204.184)\nBuild info: version: '4.27.0', revision: 'd6e718d134'\nSystem info: os.name: 'Mac OS X', os.arch: 'aarch64', os.version: '15.5', java.version: '24.0.2'\nDriver info: org.openqa.selenium.chrome.ChromeDriver\nCommand: [e15c54204dab02a0b8c83bbb275b1fb1, clickElement {id=f.2AB4DC6B2671192AD98D9E217FBB0BB8.d.95912CB81F7BD7CA45048E8396023A49.e.84}]\nCapabilities {acceptInsecureCerts: false, browserName: chrome, browserVersion: 138.0.7204.184, chrome: {chromedriverVersion: 138.0.7204.183 (e90faf484dd..., userDataDir: /var/folders/nx/g7zx87j545j...}, fedcm:accounts: true, goog:chromeOptions: {debuggerAddress: localhost:57910}, networkConnectionEnabled: false, pageLoadStrategy: normal, platformName: mac, proxy: Proxy(), se:cdp: ws://localhost:57910/devtoo..., se:cdpVersion: 138.0.7204.184, setWindowRect: true, strictFileInteractability: false, timeouts: {implicit: 0, pageLoad: 300000, script: 30000}, unhandledPromptBehavior: dismiss and notify, webauthn:extension:credBlob: true, webauthn:extension:largeBlob: true, webauthn:extension:minPinLength: true, webauthn:extension:prf: true, webauthn:virtualAuthenticators: true}\nElement: [[ChromeDriver: chrome on mac (e15c54204dab02a0b8c83bbb275b1fb1)] -> xpath: //a[@class ='clickable qa-show-sidetray-account sidetray-account']]\nSession ID: e15c54204dab02a0b8c83bbb275b1fb1\n\tat java.base/jdk.internal.reflect.DirectConstructorHandleAccessor.newInstance(DirectConstructorHandleAccessor.java:62)\n\tat java.base/java.lang.reflect.Constructor.newInstanceWithCaller(Constructor.java:499)\n\tat java.base/java.lang.reflect.Constructor.newInstance(Constructor.java:483)\n\tat org.openqa.selenium.remote.ErrorCodec.decode(ErrorCodec.java:167)\n\tat org.openqa.selenium.remote.codec.w3c.W3CHttpResponseCodec.decode(W3CHttpResponseCodec.java:138)\n\tat org.openqa.selenium.remote.codec.w3c.W3CHttpResponseCodec.decode(W3CHttpResponseCodec.java:50)\n\tat org.openqa.selenium.remote.HttpCommandExecutor.execute(HttpCommandExecutor.java:190)\n\tat org.openqa.selenium.remote.service.DriverCommandExecutor.invokeExecute(DriverCommandExecutor.java:216)\n\tat org.openqa.selenium.remote.service.DriverCommandExecutor.execute(DriverCommandExecutor.java:174)\n\tat org.openqa.selenium.remote.RemoteWebDriver.execute(RemoteWebDriver.java:545)\n\tat org.openqa.selenium.remote.RemoteWebElement.execute(RemoteWebElement.java:223)\n\tat org.openqa.selenium.remote.RemoteWebElement.click(RemoteWebElement.java:76)\n\tat HomePage.HomePageSteps.clickOnUsername(HomePageSteps.java:18)\n\tat ✽.User verifies user icon(file:///Users/luisnavarro/Library/CloudStorage/OneDrive-InstitutoSuperiorAutonomodeOccidenteA.C/DOCS_GRID/SELENIUM/SeleniumPageFactory/src/test/resources/features/ecommerce_test.feature:50)\n","flaky":false,"newFailed":false,"newBroken":false,"newPassed":false,"retriesCount":0,"retriesStatusChange":false,"beforeStages":[],"testStage":{"status":"broken","statusMessage":"element click intercepted: Element <a href=\"#\" class=\"clickable qa-show-sidetray-account sidetray-account\" tabindex=\"0\">...</a> is not clickable at point (1556, 93). Other element would receive the click: <div class=\"bloomreach-weblayer\"></div>\n  (Session info: chrome=138.0.7204.184)\nBuild info: version: '4.27.0', revision: 'd6e718d134'\nSystem info: os.name: 'Mac OS X', os.arch: 'aarch64', os.version: '15.5', java.version: '24.0.2'\nDriver info: org.openqa.selenium.chrome.ChromeDriver\nCommand: [e15c54204dab02a0b8c83bbb275b1fb1, clickElement {id=f.2AB4DC6B2671192AD98D9E217FBB0BB8.d.95912CB81F7BD7CA45048E8396023A49.e.84}]\nCapabilities {acceptInsecureCerts: false, browserName: chrome, browserVersion: 138.0.7204.184, chrome: {chromedriverVersion: 138.0.7204.183 (e90faf484dd..., userDataDir: /var/folders/nx/g7zx87j545j...}, fedcm:accounts: true, goog:chromeOptions: {debuggerAddress: localhost:57910}, networkConnectionEnabled: false, pageLoadStrategy: normal, platformName: mac, proxy: Proxy(), se:cdp: ws://localhost:57910/devtoo..., se:cdpVersion: 138.0.7204.184, setWindowRect: true, strictFileInteractability: false, timeouts: {implicit: 0, pageLoad: 300000, script: 30000}, unhandledPromptBehavior: dismiss and notify, webauthn:extension:credBlob: true, webauthn:extension:largeBlob: true, webauthn:extension:minPinLength: true, webauthn:extension:prf: true, webauthn:virtualAuthenticators: true}\nElement: [[ChromeDriver: chrome on mac (e15c54204dab02a0b8c83bbb275b1fb1)] -> xpath: //a[@class ='clickable qa-show-sidetray-account sidetray-account']]\nSession ID: e15c54204dab02a0b8c83bbb275b1fb1","statusTrace":"org.openqa.selenium.ElementClickInterceptedException: element click intercepted: Element <a href=\"#\" class=\"clickable qa-show-sidetray-account sidetray-account\" tabindex=\"0\">...</a> is not clickable at point (1556, 93). Other element would receive the click: <div class=\"bloomreach-weblayer\"></div>\n  (Session info: chrome=138.0.7204.184)\nBuild info: version: '4.27.0', revision: 'd6e718d134'\nSystem info: os.name: 'Mac OS X', os.arch: 'aarch64', os.version: '15.5', java.version: '24.0.2'\nDriver info: org.openqa.selenium.chrome.ChromeDriver\nCommand: [e15c54204dab02a0b8c83bbb275b1fb1, clickElement {id=f.2AB4DC6B2671192AD98D9E217FBB0BB8.d.95912CB81F7BD7CA45048E8396023A49.e.84}]\nCapabilities {acceptInsecureCerts: false, browserName: chrome, browserVersion: 138.0.7204.184, chrome: {chromedriverVersion: 138.0.7204.183 (e90faf484dd..., userDataDir: /var/folders/nx/g7zx87j545j...}, fedcm:accounts: true, goog:chromeOptions: {debuggerAddress: localhost:57910}, networkConnectionEnabled: false, pageLoadStrategy: normal, platformName: mac, proxy: Proxy(), se:cdp: ws://localhost:57910/devtoo..., se:cdpVersion: 138.0.7204.184, setWindowRect: true, strictFileInteractability: false, timeouts: {implicit: 0, pageLoad: 300000, script: 30000}, unhandledPromptBehavior: dismiss and notify, webauthn:extension:credBlob: true, webauthn:extension:largeBlob: true, webauthn:extension:minPinLength: true, webauthn:extension:prf: true, webauthn:virtualAuthenticators: true}\nElement: [[ChromeDriver: chrome on mac (e15c54204dab02a0b8c83bbb275b1fb1)] -> xpath: //a[@class ='clickable qa-show-sidetray-account sidetray-account']]\nSession ID: e15c54204dab02a0b8c83bbb275b1fb1\n\tat java.base/jdk.internal.reflect.DirectConstructorHandleAccessor.newInstance(DirectConstructorHandleAccessor.java:62)\n\tat java.base/java.lang.reflect.Constructor.newInstanceWithCaller(Constructor.java:499)\n\tat java.base/java.lang.reflect.Constructor.newInstance(Constructor.java:483)\n\tat org.openqa.selenium.remote.ErrorCodec.decode(ErrorCodec.java:167)\n\tat org.openqa.selenium.remote.codec.w3c.W3CHttpResponseCodec.decode(W3CHttpResponseCodec.java:138)\n\tat org.openqa.selenium.remote.codec.w3c.W3CHttpResponseCodec.decode(W3CHttpResponseCodec.java:50)\n\tat org.openqa.selenium.remote.HttpCommandExecutor.execute(HttpCommandExecutor.java:190)\n\tat org.openqa.selenium.remote.service.DriverCommandExecutor.invokeExecute(DriverCommandExecutor.java:216)\n\tat org.openqa.selenium.remote.service.DriverCommandExecutor.execute(DriverCommandExecutor.java:174)\n\tat org.openqa.selenium.remote.RemoteWebDriver.execute(RemoteWebDriver.java:545)\n\tat org.openqa.selenium.remote.RemoteWebElement.execute(RemoteWebElement.java:223)\n\tat org.openqa.selenium.remote.RemoteWebElement.click(RemoteWebElement.java:76)\n\tat HomePage.HomePageSteps.clickOnUsername(HomePageSteps.java:18)\n\tat ✽.User verifies user icon(file:///Users/luisnavarro/Library/CloudStorage/OneDrive-InstitutoSuperiorAutonomodeOccidenteA.C/DOCS_GRID/SELENIUM/SeleniumPageFactory/src/test/resources/features/ecommerce_test.feature:50)\n","steps":[{"name":"Given User access the main page","time":{"start":1754425826232,"stop":1754425830014,"duration":3782},"status":"passed","steps":[{"name":"Accesing the main page","time":{"start":1754425826232,"stop":1754425830013,"duration":3781},"status":"passed","steps":[],"attachments":[],"parameters":[],"stepsCount":0,"hasContent":false,"attachmentStep":false,"shouldDisplayMessage":false,"attachmentsCount":0}],"attachments":[],"parameters":[],"stepsCount":1,"hasContent":true,"attachmentStep":false,"shouldDisplayMessage":false,"attachmentsCount":0},{"name":"When User accepts the cookies","time":{"start":1754425830014,"stop":1754425832068,"duration":2054},"status":"passed","steps":[{"name":"Iniciando el navegador","time":{"start":1754425830017,"stop":1754425830017,"duration":0},"status":"passed","steps":[],"attachments":[],"parameters":[],"stepsCount":0,"hasContent":false,"attachmentStep":false,"shouldDisplayMessage":false,"attachmentsCount":0},{"name":"Aceptando cookies","time":{"start":1754425830017,"stop":1754425832068,"duration":2051},"status":"passed","steps":[{"name":"No apareció el botón de aceptar cookies.","time":{"start":1754425832067,"stop":1754425832067,"duration":0},"status":"passed","steps":[],"attachments":[],"parameters":[],"stepsCount":0,"hasContent":false,"attachmentStep":false,"shouldDisplayMessage":false,"attachmentsCount":0}],"attachments":[],"parameters":[],"stepsCount":1,"hasContent":true,"attachmentStep":false,"shouldDisplayMessage":false,"attachmentsCount":0}],"attachments":[],"parameters":[],"stepsCount":3,"hasContent":true,"attachmentStep":false,"shouldDisplayMessage":false,"attachmentsCount":0},{"name":"And User verifies user icon","time":{"start":1754425832068,"stop":1754425833155,"duration":1087},"status":"broken","statusMessage":"element click intercepted: Element <a href=\"#\" class=\"clickable qa-show-sidetray-account sidetray-account\" tabindex=\"0\">...</a> is not clickable at point (1556, 93). Other element would receive the click: <div class=\"bloomreach-weblayer\"></div>\n  (Session info: chrome=138.0.7204.184)\nBuild info: version: '4.27.0', revision: 'd6e718d134'\nSystem info: os.name: 'Mac OS X', os.arch: 'aarch64', os.version: '15.5', java.version: '24.0.2'\nDriver info: org.openqa.selenium.chrome.ChromeDriver\nCommand: [e15c54204dab02a0b8c83bbb275b1fb1, clickElement {id=f.2AB4DC6B2671192AD98D9E217FBB0BB8.d.95912CB81F7BD7CA45048E8396023A49.e.84}]\nCapabilities {acceptInsecureCerts: false, browserName: chrome, browserVersion: 138.0.7204.184, chrome: {chromedriverVersion: 138.0.7204.183 (e90faf484dd..., userDataDir: /var/folders/nx/g7zx87j545j...}, fedcm:accounts: true, goog:chromeOptions: {debuggerAddress: localhost:57910}, networkConnectionEnabled: false, pageLoadStrategy: normal, platformName: mac, proxy: Proxy(), se:cdp: ws://localhost:57910/devtoo..., se:cdpVersion: 138.0.7204.184, setWindowRect: true, strictFileInteractability: false, timeouts: {implicit: 0, pageLoad: 300000, script: 30000}, unhandledPromptBehavior: dismiss and notify, webauthn:extension:credBlob: true, webauthn:extension:largeBlob: true, webauthn:extension:minPinLength: true, webauthn:extension:prf: true, webauthn:virtualAuthenticators: true}\nElement: [[ChromeDriver: chrome on mac (e15c54204dab02a0b8c83bbb275b1fb1)] -> xpath: //a[@class ='clickable qa-show-sidetray-account sidetray-account']]\nSession ID: e15c54204dab02a0b8c83bbb275b1fb1","statusTrace":"org.openqa.selenium.ElementClickInterceptedException: element click intercepted: Element <a href=\"#\" class=\"clickable qa-show-sidetray-account sidetray-account\" tabindex=\"0\">...</a> is not clickable at point (1556, 93). Other element would receive the click: <div class=\"bloomreach-weblayer\"></div>\n  (Session info: chrome=138.0.7204.184)\nBuild info: version: '4.27.0', revision: 'd6e718d134'\nSystem info: os.name: 'Mac OS X', os.arch: 'aarch64', os.version: '15.5', java.version: '24.0.2'\nDriver info: org.openqa.selenium.chrome.ChromeDriver\nCommand: [e15c54204dab02a0b8c83bbb275b1fb1, clickElement {id=f.2AB4DC6B2671192AD98D9E217FBB0BB8.d.95912CB81F7BD7CA45048E8396023A49.e.84}]\nCapabilities {acceptInsecureCerts: false, browserName: chrome, browserVersion: 138.0.7204.184, chrome: {chromedriverVersion: 138.0.7204.183 (e90faf484dd..., userDataDir: /var/folders/nx/g7zx87j545j...}, fedcm:accounts: true, goog:chromeOptions: {debuggerAddress: localhost:57910}, networkConnectionEnabled: false, pageLoadStrategy: normal, platformName: mac, proxy: Proxy(), se:cdp: ws://localhost:57910/devtoo..., se:cdpVersion: 138.0.7204.184, setWindowRect: true, strictFileInteractability: false, timeouts: {implicit: 0, pageLoad: 300000, script: 30000}, unhandledPromptBehavior: dismiss and notify, webauthn:extension:credBlob: true, webauthn:extension:largeBlob: true, webauthn:extension:minPinLength: true, webauthn:extension:prf: true, webauthn:virtualAuthenticators: true}\nElement: [[ChromeDriver: chrome on mac (e15c54204dab02a0b8c83bbb275b1fb1)] -> xpath: //a[@class ='clickable qa-show-sidetray-account sidetray-account']]\nSession ID: e15c54204dab02a0b8c83bbb275b1fb1\n\tat java.base/jdk.internal.reflect.DirectConstructorHandleAccessor.newInstance(DirectConstructorHandleAccessor.java:62)\n\tat java.base/java.lang.reflect.Constructor.newInstanceWithCaller(Constructor.java:499)\n\tat java.base/java.lang.reflect.Constructor.newInstance(Constructor.java:483)\n\tat org.openqa.selenium.remote.ErrorCodec.decode(ErrorCodec.java:167)\n\tat org.openqa.selenium.remote.codec.w3c.W3CHttpResponseCodec.decode(W3CHttpResponseCodec.java:138)\n\tat org.openqa.selenium.remote.codec.w3c.W3CHttpResponseCodec.decode(W3CHttpResponseCodec.java:50)\n\tat org.openqa.selenium.remote.HttpCommandExecutor.execute(HttpCommandExecutor.java:190)\n\tat org.openqa.selenium.remote.service.DriverCommandExecutor.invokeExecute(DriverCommandExecutor.java:216)\n\tat org.openqa.selenium.remote.service.DriverCommandExecutor.execute(DriverCommandExecutor.java:174)\n\tat org.openqa.selenium.remote.RemoteWebDriver.execute(RemoteWebDriver.java:545)\n\tat org.openqa.selenium.remote.RemoteWebElement.execute(RemoteWebElement.java:223)\n\tat org.openqa.selenium.remote.RemoteWebElement.click(RemoteWebElement.java:76)\n\tat HomePage.HomePageSteps.clickOnUsername(HomePageSteps.java:18)\n\tat ✽.User verifies user icon(file:///Users/luisnavarro/Library/CloudStorage/OneDrive-InstitutoSuperiorAutonomodeOccidenteA.C/DOCS_GRID/SELENIUM/SeleniumPageFactory/src/test/resources/features/ecommerce_test.feature:50)\n","steps":[{"name":"Iniciando el navegador","time":{"start":1754425832069,"stop":1754425832069,"duration":0},"status":"passed","steps":[],"attachments":[],"parameters":[],"stepsCount":0,"hasContent":false,"attachmentStep":false,"shouldDisplayMessage":false,"attachmentsCount":0},{"name":"Clicking on the username link","time":{"start":1754425832069,"stop":1754425833153,"duration":1084},"status":"broken","statusMessage":"element click intercepted: Element <a href=\"#\" class=\"clickable qa-show-sidetray-account sidetray-account\" tabindex=\"0\">...</a> is not clickable at point (1556, 93). Other element would receive the click: <div class=\"bloomreach-weblayer\"></div>\n  (Session info: chrome=138.0.7204.184)\nBuild info: version: '4.27.0', revision: 'd6e718d134'\nSystem info: os.name: 'Mac OS X', os.arch: 'aarch64', os.version: '15.5', java.version: '24.0.2'\nDriver info: org.openqa.selenium.chrome.ChromeDriver\nCommand: [e15c54204dab02a0b8c83bbb275b1fb1, clickElement {id=f.2AB4DC6B2671192AD98D9E217FBB0BB8.d.95912CB81F7BD7CA45048E8396023A49.e.84}]\nCapabilities {acceptInsecureCerts: false, browserName: chrome, browserVersion: 138.0.7204.184, chrome: {chromedriverVersion: 138.0.7204.183 (e90faf484dd..., userDataDir: /var/folders/nx/g7zx87j545j...}, fedcm:accounts: true, goog:chromeOptions: {debuggerAddress: localhost:57910}, networkConnectionEnabled: false, pageLoadStrategy: normal, platformName: mac, proxy: Proxy(), se:cdp: ws://localhost:57910/devtoo..., se:cdpVersion: 138.0.7204.184, setWindowRect: true, strictFileInteractability: false, timeouts: {implicit: 0, pageLoad: 300000, script: 30000}, unhandledPromptBehavior: dismiss and notify, webauthn:extension:credBlob: true, webauthn:extension:largeBlob: true, webauthn:extension:minPinLength: true, webauthn:extension:prf: true, webauthn:virtualAuthenticators: true}\nElement: [[ChromeDriver: chrome on mac (e15c54204dab02a0b8c83bbb275b1fb1)] -> xpath: //a[@class ='clickable qa-show-sidetray-account sidetray-account']]\nSession ID: e15c54204dab02a0b8c83bbb275b1fb1","statusTrace":"org.openqa.selenium.ElementClickInterceptedException: element click intercepted: Element <a href=\"#\" class=\"clickable qa-show-sidetray-account sidetray-account\" tabindex=\"0\">...</a> is not clickable at point (1556, 93). Other element would receive the click: <div class=\"bloomreach-weblayer\"></div>\n  (Session info: chrome=138.0.7204.184)\nBuild info: version: '4.27.0', revision: 'd6e718d134'\nSystem info: os.name: 'Mac OS X', os.arch: 'aarch64', os.version: '15.5', java.version: '24.0.2'\nDriver info: org.openqa.selenium.chrome.ChromeDriver\nCommand: [e15c54204dab02a0b8c83bbb275b1fb1, clickElement {id=f.2AB4DC6B2671192AD98D9E217FBB0BB8.d.95912CB81F7BD7CA45048E8396023A49.e.84}]\nCapabilities {acceptInsecureCerts: false, browserName: chrome, browserVersion: 138.0.7204.184, chrome: {chromedriverVersion: 138.0.7204.183 (e90faf484dd..., userDataDir: /var/folders/nx/g7zx87j545j...}, fedcm:accounts: true, goog:chromeOptions: {debuggerAddress: localhost:57910}, networkConnectionEnabled: false, pageLoadStrategy: normal, platformName: mac, proxy: Proxy(), se:cdp: ws://localhost:57910/devtoo..., se:cdpVersion: 138.0.7204.184, setWindowRect: true, strictFileInteractability: false, timeouts: {implicit: 0, pageLoad: 300000, script: 30000}, unhandledPromptBehavior: dismiss and notify, webauthn:extension:credBlob: true, webauthn:extension:largeBlob: true, webauthn:extension:minPinLength: true, webauthn:extension:prf: true, webauthn:virtualAuthenticators: true}\nElement: [[ChromeDriver: chrome on mac (e15c54204dab02a0b8c83bbb275b1fb1)] -> xpath: //a[@class ='clickable qa-show-sidetray-account sidetray-account']]\nSession ID: e15c54204dab02a0b8c83bbb275b1fb1\n\tat java.base/jdk.internal.reflect.DirectConstructorHandleAccessor.newInstance(DirectConstructorHandleAccessor.java:62)\n\tat java.base/java.lang.reflect.Constructor.newInstanceWithCaller(Constructor.java:499)\n\tat java.base/java.lang.reflect.Constructor.newInstance(Constructor.java:483)\n\tat org.openqa.selenium.remote.ErrorCodec.decode(ErrorCodec.java:167)\n\tat org.openqa.selenium.remote.codec.w3c.W3CHttpResponseCodec.decode(W3CHttpResponseCodec.java:138)\n\tat org.openqa.selenium.remote.codec.w3c.W3CHttpResponseCodec.decode(W3CHttpResponseCodec.java:50)\n\tat org.openqa.selenium.remote.HttpCommandExecutor.execute(HttpCommandExecutor.java:190)\n\tat org.openqa.selenium.remote.service.DriverCommandExecutor.invokeExecute(DriverCommandExecutor.java:216)\n\tat org.openqa.selenium.remote.service.DriverCommandExecutor.execute(DriverCommandExecutor.java:174)\n\tat org.openqa.selenium.remote.RemoteWebDriver.execute(RemoteWebDriver.java:545)\n\tat org.openqa.selenium.remote.RemoteWebElement.execute(RemoteWebElement.java:223)\n\tat org.openqa.selenium.remote.RemoteWebElement.click(RemoteWebElement.java:76)\n\tat HomePage.HomePageSteps.clickOnUsername(HomePageSteps.java:18)\n\tat java.base/jdk.internal.reflect.DirectMethodHandleAccessor.invoke(DirectMethodHandleAccessor.java:104)\n\tat java.base/java.lang.reflect.Method.invoke(Method.java:565)\n\tat io.cucumber.java.Invoker.doInvoke(Invoker.java:66)\n\tat io.cucumber.java.Invoker.invoke(Invoker.java:24)\n\tat io.cucumber.java.AbstractGlueDefinition.invokeMethod(AbstractGlueDefinition.java:47)\n\tat io.cucumber.java.JavaStepDefinition.execute(JavaStepDefinition.java:29)\n\tat io.cucumber.core.runner.CoreStepDefinition.execute(CoreStepDefinition.java:66)\n\tat io.cucumber.core.runner.PickleStepDefinitionMatch.runStep(PickleStepDefinitionMatch.java:62)\n\tat io.cucumber.core.runner.ExecutionMode$1.execute(ExecutionMode.java:10)\n\tat io.cucumber.core.runner.TestStep.executeStep(TestStep.java:81)\n\tat io.cucumber.core.runner.TestStep.run(TestStep.java:53)\n\tat io.cucumber.core.runner.PickleStepTestStep.run(PickleStepTestStep.java:51)\n\tat io.cucumber.core.runner.TestCase.run(TestCase.java:84)\n\tat io.cucumber.core.runner.Runner.runPickle(Runner.java:75)\n\tat io.cucumber.junit.PickleRunners$NoStepDescriptions.lambda$run$0(PickleRunners.java:151)\n\tat io.cucumber.core.runtime.CucumberExecutionContext.lambda$runTestCase$5(CucumberExecutionContext.java:136)\n\tat io.cucumber.core.runtime.RethrowingThrowableCollector.executeAndThrow(RethrowingThrowableCollector.java:23)\n\tat io.cucumber.core.runtime.CucumberExecutionContext.runTestCase(CucumberExecutionContext.java:136)\n\tat io.cucumber.junit.PickleRunners$NoStepDescriptions.run(PickleRunners.java:148)\n\tat io.cucumber.junit.FeatureRunner.runChild(FeatureRunner.java:144)\n\tat io.cucumber.junit.FeatureRunner.runChild(FeatureRunner.java:28)\n\tat org.junit.runners.ParentRunner$4.run(ParentRunner.java:331)\n\tat org.junit.runners.ParentRunner$1.schedule(ParentRunner.java:79)\n\tat org.junit.runners.ParentRunner.runChildren(ParentRunner.java:329)\n\tat org.junit.runners.ParentRunner.access$100(ParentRunner.java:66)\n\tat org.junit.runners.ParentRunner$2.evaluate(ParentRunner.java:293)\n\tat org.junit.runners.ParentRunner$3.evaluate(ParentRunner.java:306)\n\tat org.junit.runners.ParentRunner.run(ParentRunner.java:413)\n\tat io.cucumber.junit.FeatureRunner.run(FeatureRunner.java:137)\n\tat io.cucumber.junit.Cucumber.runChild(Cucumber.java:199)\n\tat io.cucumber.junit.Cucumber.runChild(Cucumber.java:89)\n\tat org.junit.runners.ParentRunner$4.run(ParentRunner.java:331)\n\tat org.junit.runners.ParentRunner$1.schedule(ParentRunner.java:79)\n\tat org.junit.runners.ParentRunner.runChildren(ParentRunner.java:329)\n\tat org.junit.runners.ParentRunner.access$100(ParentRunner.java:66)\n\tat org.junit.runners.ParentRunner$2.evaluate(ParentRunner.java:293)\n\tat io.cucumber.core.runtime.CucumberExecutionContext.lambda$runFeatures$6(CucumberExecutionContext.java:147)\n\tat io.cucumber.core.runtime.CucumberExecutionContext.execute(CucumberExecutionContext.java:162)\n\tat io.cucumber.core.runtime.CucumberExecutionContext.runFeatures(CucumberExecutionContext.java:145)\n\tat io.cucumber.junit.Cucumber$StartAndFinishTestRun.evaluate(Cucumber.java:229)\n\tat org.junit.runners.ParentRunner$3.evaluate(ParentRunner.java:306)\n\tat org.junit.runners.ParentRunner.run(ParentRunner.java:413)\n\tat org.apache.maven.surefire.junit4.JUnit4Provider.execute(JUnit4Provider.java:316)\n\tat org.apache.maven.surefire.junit4.JUnit4Provider.executeWithRerun(JUnit4Provider.java:240)\n\tat org.apache.maven.surefire.junit4.JUnit4Provider.executeTestSet(JUnit4Provider.java:214)\n\tat org.apache.maven.surefire.junit4.JUnit4Provider.invoke(JUnit4Provider.java:155)\n\tat org.apache.maven.surefire.booter.ForkedBooter.runSuitesInProcess(ForkedBooter.java:385)\n\tat org.apache.maven.surefire.booter.ForkedBooter.execute(ForkedBooter.java:162)\n\tat org.apache.maven.surefire.booter.ForkedBooter.run(ForkedBooter.java:507)\n\tat org.apache.maven.surefire.booter.ForkedBooter.main(ForkedBooter.java:495)\n","steps":[],"attachments":[],"parameters":[],"stepsCount":0,"hasContent":true,"attachmentStep":false,"shouldDisplayMessage":true,"attachmentsCount":0}],"attachments":[],"parameters":[],"stepsCount":2,"hasContent":true,"attachmentStep":false,"shouldDisplayMessage":false,"attachmentsCount":0},{"name":"Then User closes browser","time":{"start":1754425833155,"stop":1754425833155,"duration":0},"status":"skipped","steps":[],"attachments":[],"parameters":[],"stepsCount":0,"hasContent":false,"attachmentStep":false,"shouldDisplayMessage":false,"attachmentsCount":0}],"attachments":[],"parameters":[],"stepsCount":10,"hasContent":true,"attachmentStep":false,"shouldDisplayMessage":false,"attachmentsCount":0},"afterStages":[],"labels":[{"name":"tag","value":"allure.story:TestHomepage"},{"name":"tag","value":"TestHomepage"},{"name":"host","value":"Luiss-MacBook-Air.local"},{"name":"thread","value":"9551@Luiss-MacBook-Air.local.main(3)"},{"name":"feature","value":"Testing of login, user account creation and web scrapping of product research"},{"name":"story","value":"Verify main page functionality"},{"name":"suite","value":"Testing of login, user account creation and web scrapping of product research"},{"name":"testClass","value":"Verify main page functionality"},{"name":"framework","value":"cucumber4jvm"},{"name":"language","value":"java"},{"name":"gherkin_uri","value":"file:///Users/luisnavarro/Library/CloudStorage/OneDrive-InstitutoSuperiorAutonomodeOccidenteA.C/DOCS_GRID/SELENIUM/SeleniumPageFactory/src/test/resources/features/ecommerce_test.feature"},{"name":"package","value":"src.test.resources.features.ecommerce_test_feature.Testing of login, user account creation and web scrapping of product research"},{"name":"resultFormat","value":"allure2"}],"parameters":[],"links":[],"hidden":false,"retry":false,"extra":{"severity":"normal","retries":[],"categories":[{"name":"Broken Tests","matchedStatuses":["broken"]}],"tags":["TestHomepage","allure.story:TestHomepage"]},"source":"7db59ec110069c02.json","parameterValues":[]}